[0317/181237.520:ERROR:process_info.cc(608)] range at 0xfffde000, size 0x230 fully unreadable
[0317/181237.679:ERROR:process_info.cc(608)] range at 0xfffdd000, size 0xf84 fully unreadable
[0317/181237.679:ERROR:process_info.cc(608)] range at 0xfffda000, size 0xf84 fully unreadable
[0317/181237.680:ERROR:process_info.cc(608)] range at 0xfffd7000, size 0xf84 fully unreadable
[0317/181237.683:ERROR:process_info.cc(608)] range at 0xfff9f000, size 0xf84 fully unreadable
[0317/181237.683:ERROR:process_info.cc(608)] range at 0xfff9c000, size 0xf84 fully unreadable
[0317/181237.683:ERROR:process_info.cc(608)] range at 0xfff99000, size 0xf84 fully unreadable
[0317/181237.683:ERROR:process_info.cc(608)] range at 0xfff96000, size 0xf84 fully unreadable
[0317/181237.683:ERROR:process_info.cc(608)] range at 0xfff93000, size 0xf84 fully unreadable
[0317/181237.683:ERROR:process_info.cc(608)] range at 0xfff90000, size 0xf84 fully unreadable
[0317/181237.683:ERROR:process_info.cc(608)] range at 0xfff8d000, size 0xf84 fully unreadable
[0317/181237.683:ERROR:process_info.cc(608)] range at 0xfff8a000, size 0xf84 fully unreadable
[0317/181237.683:ERROR:process_info.cc(608)] range at 0xfff87000, size 0xf84 fully unreadable
[0317/181237.683:ERROR:process_info.cc(608)] range at 0xfff84000, size 0xf84 fully unreadable
[0317/181237.684:ERROR:process_info.cc(608)] range at 0xfff81000, size 0xf84 fully unreadable
[0317/181237.684:ERROR:process_info.cc(608)] range at 0xfff7e000, size 0xf84 fully unreadable
[0317/181237.684:ERROR:process_info.cc(608)] range at 0xfff7b000, size 0xf84 fully unreadable
[0317/181237.684:ERROR:process_info.cc(608)] range at 0xfff78000, size 0xf84 fully unreadable
[0317/181425.184:ERROR:process_info.cc(608)] range at 0xfffde000, size 0x230 fully unreadable
[0317/181425.190:ERROR:process_info.cc(608)] range at 0xfffdd000, size 0xf84 fully unreadable
[0317/181425.190:ERROR:process_info.cc(608)] range at 0xfffda000, size 0xf84 fully unreadable
[0317/181425.190:ERROR:process_info.cc(608)] range at 0xfffd7000, size 0xf84 fully unreadable
[0317/181425.190:ERROR:process_info.cc(608)] range at 0xfff9f000, size 0xf84 fully unreadable
[0317/181425.190:ERROR:process_info.cc(608)] range at 0xfff9c000, size 0xf84 fully unreadable
[0317/181425.190:ERROR:process_info.cc(608)] range at 0xfff99000, size 0xf84 fully unreadable
[0317/181425.191:ERROR:process_info.cc(608)] range at 0xfff96000, size 0xf84 fully unreadable
[0317/181425.191:ERROR:process_info.cc(608)] range at 0xfff93000, size 0xf84 fully unreadable
[0317/181425.191:ERROR:process_info.cc(608)] range at 0xfff90000, size 0xf84 fully unreadable
[0317/181425.191:ERROR:process_info.cc(608)] range at 0xfff8d000, size 0xf84 fully unreadable
[0317/181425.191:ERROR:process_info.cc(608)] range at 0xfff8a000, size 0xf84 fully unreadable
[0317/181425.191:ERROR:process_info.cc(608)] range at 0xfff87000, size 0xf84 fully unreadable
[0317/181425.191:ERROR:process_info.cc(608)] range at 0xfff84000, size 0xf84 fully unreadable
[0317/181425.191:ERROR:process_info.cc(608)] range at 0xfff81000, size 0xf84 fully unreadable
[0317/181425.191:ERROR:process_info.cc(608)] range at 0xfff7e000, size 0xf84 fully unreadable
[0317/181425.191:ERROR:process_info.cc(608)] range at 0xfff7b000, size 0xf84 fully unreadable
[0317/181425.191:ERROR:process_info.cc(608)] range at 0xfff78000, size 0xf84 fully unreadable
[0317/181616.742:ERROR:process_info.cc(608)] range at 0xfffde000, size 0x230 fully unreadable
[0317/181616.767:ERROR:process_info.cc(608)] range at 0xfffdd000, size 0xf84 fully unreadable
[0317/181616.767:ERROR:process_info.cc(608)] range at 0xfffda000, size 0xf84 fully unreadable
[0317/181616.767:ERROR:process_info.cc(608)] range at 0xfffd7000, size 0xf84 fully unreadable
[0317/181616.767:ERROR:process_info.cc(608)] range at 0xfff9f000, size 0xf84 fully unreadable
[0317/181616.767:ERROR:process_info.cc(608)] range at 0xfff9c000, size 0xf84 fully unreadable
[0317/181616.767:ERROR:process_info.cc(608)] range at 0xfff99000, size 0xf84 fully unreadable
[0317/181616.767:ERROR:process_info.cc(608)] range at 0xfff96000, size 0xf84 fully unreadable
[0317/181616.767:ERROR:process_info.cc(608)] range at 0xfff93000, size 0xf84 fully unreadable
[0317/181616.768:ERROR:process_info.cc(608)] range at 0xfff90000, size 0xf84 fully unreadable
[0317/181616.768:ERROR:process_info.cc(608)] range at 0xfff8d000, size 0xf84 fully unreadable
[0317/181616.768:ERROR:process_info.cc(608)] range at 0xfff8a000, size 0xf84 fully unreadable
[0317/181616.768:ERROR:process_info.cc(608)] range at 0xfff87000, size 0xf84 fully unreadable
[0317/181616.768:ERROR:process_info.cc(608)] range at 0xfff84000, size 0xf84 fully unreadable
[0317/181616.768:ERROR:process_info.cc(608)] range at 0xfff81000, size 0xf84 fully unreadable
[0317/181616.768:ERROR:process_info.cc(608)] range at 0xfff7e000, size 0xf84 fully unreadable
[0317/181616.769:ERROR:process_info.cc(608)] range at 0xfff7b000, size 0xf84 fully unreadable
[0317/181616.769:ERROR:process_info.cc(608)] range at 0xfff78000, size 0xf84 fully unreadable
[0317/230520.065:ERROR:process_info.cc(608)] range at 0xfffde000, size 0x230 fully unreadable
[0317/230523.506:ERROR:process_info.cc(608)] range at 0xfffdd000, size 0xf84 fully unreadable
[0317/230523.507:ERROR:process_info.cc(608)] range at 0xfffda000, size 0xf84 fully unreadable
[0317/230523.507:ERROR:process_info.cc(608)] range at 0xfffd7000, size 0xf84 fully unreadable
[0317/230523.507:ERROR:process_info.cc(608)] range at 0xfff9f000, size 0xf84 fully unreadable
[0317/230523.507:ERROR:process_info.cc(608)] range at 0xfff9c000, size 0xf84 fully unreadable
[0317/230523.507:ERROR:process_info.cc(608)] range at 0xfff99000, size 0xf84 fully unreadable
[0317/230523.507:ERROR:process_info.cc(608)] range at 0xfff96000, size 0xf84 fully unreadable
[0317/230523.507:ERROR:process_info.cc(608)] range at 0xfff93000, size 0xf84 fully unreadable
[0317/230523.507:ERROR:process_info.cc(608)] range at 0xfff90000, size 0xf84 fully unreadable
[0323/194047.983:ERROR:process_info.cc(608)] range at 0xfffde000, size 0x230 fully unreadable
[0323/194055.424:ERROR:process_info.cc(608)] range at 0xfffdd000, size 0xf84 fully unreadable
[0323/194055.424:ERROR:process_info.cc(608)] range at 0xfffda000, size 0xf84 fully unreadable
[0323/194055.425:ERROR:process_info.cc(608)] range at 0xfffd7000, size 0xf84 fully unreadable
[0323/194055.425:ERROR:process_info.cc(608)] range at 0xfff9f000, size 0xf84 fully unreadable
[0323/194055.425:ERROR:process_info.cc(608)] range at 0xfff9c000, size 0xf84 fully unreadable
[0323/194055.425:ERROR:process_info.cc(608)] range at 0xfff99000, size 0xf84 fully unreadable
[0323/194055.425:ERROR:process_info.cc(608)] range at 0xfff96000, size 0xf84 fully unreadable
[0323/194055.425:ERROR:process_info.cc(608)] range at 0xfff93000, size 0xf84 fully unreadable
[0323/194055.425:ERROR:process_info.cc(608)] range at 0xfff8d000, size 0xf84 fully unreadable
[0323/194055.425:ERROR:process_info.cc(608)] range at 0xfff90000, size 0xf84 fully unreadable
[0323/194055.425:ERROR:process_info.cc(608)] range at 0xfff8a000, size 0xf84 fully unreadable
[0323/194055.425:ERROR:process_info.cc(608)] range at 0xfff87000, size 0xf84 fully unreadable
[0323/194055.426:ERROR:process_info.cc(608)] range at 0xfff84000, size 0xf84 fully unreadable
[0323/194222.691:ERROR:process_info.cc(608)] range at 0xfffde000, size 0x230 fully unreadable
[0323/194222.694:ERROR:process_info.cc(608)] range at 0xfffdd000, size 0xf84 fully unreadable
[0323/194222.694:ERROR:process_info.cc(608)] range at 0xfffda000, size 0xf84 fully unreadable
[0323/194222.694:ERROR:process_info.cc(608)] range at 0xfffd7000, size 0xf84 fully unreadable
[0323/194222.694:ERROR:process_info.cc(608)] range at 0xfff9f000, size 0xf84 fully unreadable
[0323/194222.694:ERROR:process_info.cc(608)] range at 0xfff9c000, size 0xf84 fully unreadable
[0323/194222.695:ERROR:process_info.cc(608)] range at 0xfff99000, size 0xf84 fully unreadable
[0323/194222.695:ERROR:process_info.cc(608)] range at 0xfff96000, size 0xf84 fully unreadable
[0323/194222.695:ERROR:process_info.cc(608)] range at 0xfff93000, size 0xf84 fully unreadable
[0323/194222.695:ERROR:process_info.cc(608)] range at 0xfff90000, size 0xf84 fully unreadable
[0323/194222.695:ERROR:process_info.cc(608)] range at 0xfff8d000, size 0xf84 fully unreadable
[0323/194222.695:ERROR:process_info.cc(608)] range at 0xfff8a000, size 0xf84 fully unreadable
[0323/194511.665:ERROR:scoped_process_suspend.cc(30)] NtSuspendProcess: 已尝试访问正在退出的过程。  (0xc000010a)
[0323/194511.914:ERROR:process_info.cc(103)] ReadProcessMemory bool __cdecl crashpad::`anonymous-namespace'::ReadStruct<struct crashpad::process_types::PEB<struct crashpad::process_types::internal::Traits32>>(void *,unsigned __int64,struct crashpad::process_types::PEB<struct crashpad::process_types::internal::Traits32> *): 仅完成部分的 ReadProcessMemory 或 WriteProcessMemory 请求。 (0x12B)
[0323/194512.078:ERROR:process_info.cc(542)] ReadProcessData failed
[0323/194512.078:ERROR:process_reader_win.cc(233)] ReadMemory at 0x5aa17598 of 12 bytes failed: 仅完成部分的 ReadProcessMemory 或 WriteProcessMemory 请求。 (0x12B)
[0323/194512.078:WARNING:process_snapshot_win.cc(68)] ReadMemory ExceptionInformation failed
[0323/194512.079:WARNING:crash_report_exception_handler.cc(60)] ProcessSnapshotWin::Initialize failed
